<?xml version="1.0" encoding="UTF-8"?>
<testsuite name="ru.nsu.shebanov.markdown.SerializationTests" tests="9" skipped="0" failures="0" errors="0" timestamp="2024-12-17T00:58:32" hostname="VALERA" time="0.137">
  <properties/>
  <testcase name="TaskTests()" classname="ru.nsu.shebanov.markdown.SerializationTests" time="0.057"/>
  <testcase name="PageTests()" classname="ru.nsu.shebanov.markdown.SerializationTests" time="0.018"/>
  <testcase name="TextTest()" classname="ru.nsu.shebanov.markdown.SerializationTests" time="0.006"/>
  <testcase name="CodeBlockTest()" classname="ru.nsu.shebanov.markdown.SerializationTests" time="0.007"/>
  <testcase name="TableTests()" classname="ru.nsu.shebanov.markdown.SerializationTests" time="0.011"/>
  <testcase name="QuoteTest()" classname="ru.nsu.shebanov.markdown.SerializationTests" time="0.006"/>
  <testcase name="ListTests()" classname="ru.nsu.shebanov.markdown.SerializationTests" time="0.004"/>
  <testcase name="ImageTest()" classname="ru.nsu.shebanov.markdown.SerializationTests" time="0.005"/>
  <testcase name="headersTest()" classname="ru.nsu.shebanov.markdown.SerializationTests" time="0.017"/>
  <system-out><![CDATA[Actually there
]]></system-out>
  <system-err><![CDATA[]]></system-err>
</testsuite>
